<?xml version="1.0" encoding="UTF-8" ?>
<testsuite tests="8" failures="0" name="fizzbuzz.FizzBuzzTest" time="0.082" errors="0" skipped="0">
  <properties>
[...]
</properties>
  <testcase classname="fizzbuzz.FizzBuzzTest" name="test1a36" time="0.001"/>
  <testcase classname="fizzbuzz.FizzBuzzTest" name="test15" time="0"/>
  <testcase classname="fizzbuzz.FizzBuzzTest" name="test1" time="0"/>
  <testcase classname="fizzbuzz.FizzBuzzTest" name="test2" time="0"/>
  <testcase classname="fizzbuzz.FizzBuzzTest" name="test3" time="0"/>
  <testcase classname="fizzbuzz.FizzBuzzTest" name="test4" time="0"/>
  <testcase classname="fizzbuzz.FizzBuzzTest" name="test5" time="0"/>
  <testcase classname="fizzbuzz.FizzBuzzTest" name="test6" time="0"/>
</testsuite>